<?xml version="1.0" encoding="UTF-8"?>
<!-- Generated by org.testng.reporters.JUnitXMLReporter -->
<testsuite ignored="0" hostname="ASCINLAP61416" failures="2" tests="9" name="Snapdeal Workflow Tests" time="63.95" errors="0" timestamp="2025-10-27T14:44:45 IST">
  <testcase classname="com.snapdeal.tests.loginsnapdeal" name="registerSnapdeal" time="0.007">
    <failure type="java.lang.Error" message="Unresolved compilation problems: 
	The method openRegisterFromHeader() is undefined for the type LoginPage
	The method triggerOtpForMobile(String) is undefined for the type LoginPage
">
      <![CDATA[java.lang.Error: Unresolved compilation problems: 
The method openRegisterFromHeader() is undefined for the type LoginPage
The method triggerOtpForMobile(String) is undefined for the type LoginPage

at com.snapdeal.tests.loginsnapdeal.registerSnapdeal(loginsnapdeal.java:57)
at java.base/java.util.ArrayList.forEach(ArrayList.java:1596)
... Removed 25 stack frames]]>
    </failure>
  </testcase> <!-- registerSnapdeal -->
  <testcase classname="com.snapdeal.tests.loginsnapdeal" name="loginSnapdeal" time="0.002">
    <failure type="java.lang.Error" message="Unresolved compilation problems: 
	The method openLoginFromHeader() is undefined for the type LoginPage
	The method triggerOtpForMobile(String) is undefined for the type LoginPage
	The method clickVerifyIfVisible() is undefined for the type LoginPage
">
      <![CDATA[java.lang.Error: Unresolved compilation problems: 
The method openLoginFromHeader() is undefined for the type LoginPage
The method triggerOtpForMobile(String) is undefined for the type LoginPage
The method clickVerifyIfVisible() is undefined for the type LoginPage

at com.snapdeal.tests.loginsnapdeal.loginSnapdeal(loginsnapdeal.java:95)
at java.base/java.util.ArrayList.forEach(ArrayList.java:1596)
... Removed 25 stack frames]]>
    </failure>
  </testcase> <!-- loginSnapdeal -->
  <testcase classname="com.snapdeal.tests.loginsnapdeal" name="openHomePage" time="16.116"/>
  <testcase classname="com.snapdeal.tests.loginsnapdeal" name="searchProduct" time="6.753"/>
  <testcase classname="com.snapdeal.tests.loginsnapdeal" name="sortProducts" time="0.632"/>
  <testcase classname="com.snapdeal.tests.loginsnapdeal" name="selectFirstProduct" time="21.075"/>
  <testcase classname="com.snapdeal.tests.loginsnapdeal" name="addToCart" time="12.035"/>
  <testcase classname="com.snapdeal.tests.loginsnapdeal" name="viewCart" time="0.64"/>
  <testcase classname="com.snapdeal.tests.loginsnapdeal" name="verifyCartPage" time="0.893"/>
</testsuite> <!-- Snapdeal Workflow Tests -->
